0 verbose cli C:\Program Files\nodejs\node.exe C:\Users\Humberto Manjarres\AppData\Roaming\npm\node_modules\npm\bin\npm-cli.js
1 info using npm@8.12.2
2 info using node@v16.14.0
3 timing npm:load:whichnode Completed in 1ms
4 timing config:load:defaults Completed in 3ms
5 timing config:load:file:C:\Users\Humberto Manjarres\AppData\Roaming\npm\node_modules\npm\npmrc Completed in 3ms
6 timing config:load:builtin Completed in 3ms
7 timing config:load:cli Completed in 3ms
8 timing config:load:env Completed in 2ms
9 timing config:load:file:c:\Users\Humberto Manjarres\Desktop\CURSOS\SPRING BOOT\SPRING BOOT + REACT - jonathan peñaloza\pastebim\.npmrc Completed in 1ms
10 timing config:load:project Completed in 3ms
11 timing config:load:file:C:\Users\Humberto Manjarres\.npmrc Completed in 0ms
12 timing config:load:user Completed in 0ms
13 timing config:load:file:C:\Users\Humberto Manjarres\AppData\Roaming\npm\etc\npmrc Completed in 1ms
14 timing config:load:global Completed in 2ms
15 timing config:load:validate Completed in 6ms
16 timing config:load:credentials Completed in 1ms
17 timing config:load:setEnvs Completed in 3ms
18 timing config:load Completed in 26ms
19 timing npm:load:configload Completed in 26ms
20 timing npm:load:mkdirpcache Completed in 1ms
21 timing npm:load:mkdirplogs Completed in 1ms
22 verbose title npm view placeholder-loading description dist-tags.latest homepage version
23 verbose argv "view" "--json" "placeholder-loading" "description" "dist-tags.latest" "homepage" "version"
24 timing npm:load:setTitle Completed in 2ms
25 timing config:load:flatten Completed in 6ms
26 timing npm:load:display Completed in 7ms
27 verbose logfile logs-max:10 dir:C:\Users\Humberto Manjarres\Desktop\CURSOS\SPRING BOOT\SPRING BOOT + REACT - jonathan peñaloza\pastebim\tmpnodejsnpm-cache\_logs
28 verbose logfile C:\Users\Humberto Manjarres\Desktop\CURSOS\SPRING BOOT\SPRING BOOT + REACT - jonathan peñaloza\pastebim\tmpnodejsnpm-cache\_logs\2022-06-27T17_47_21_364Z-debug-0.log
29 timing npm:load:logFile Completed in 37ms
30 timing npm:load:timers Completed in 0ms
31 timing npm:load:configScope Completed in 0ms
32 timing npm:load Completed in 77ms
33 silly logfile start cleaning logs, removing 3 files
34 silly logfile error removing log file C:/Users/Humberto Manjarres/Desktop/CURSOS/SPRING BOOT/SPRING BOOT + REACT - jonathan peñaloza/pastebim/tmpnodejsnpm-cache/_logs/2022-06-23T13_43_42_581Z-debug-0.log [Error: EPERM: operation not permitted, unlink 'C:\Users\Humberto Manjarres\Desktop\CURSOS\SPRING BOOT\SPRING BOOT + REACT - jonathan peñaloza\pastebim\tmpnodejsnpm-cache\_logs\2022-06-23T13_43_42_581Z-debug-0.log'] {
34 silly logfile   errno: -4048,
34 silly logfile   code: 'EPERM',
34 silly logfile   syscall: 'unlink',
34 silly logfile   path: 'C:\\Users\\Humberto Manjarres\\Desktop\\CURSOS\\SPRING BOOT\\SPRING BOOT + REACT - jonathan peñaloza\\pastebim\\tmpnodejsnpm-cache\\_logs\\2022-06-23T13_43_42_581Z-debug-0.log'
34 silly logfile }
35 silly logfile done cleaning log files
36 http fetch GET 200 https://registry.npmjs.org/placeholder-loading 312ms (cache revalidated)
37 timing command:view Completed in 324ms
38 verbose exit 0
39 timing npm Completed in 423ms
40 info ok
